2015/11/11 12:14:02 [error] [exception.CHttpException.404] exception 'CHttpException' with message 'Unable to resolve the request "test".' in D:\web\xampp\htdocs\yii.local\www\framework\web\CWebApplication.php:286
Stack trace:
#0 D:\web\xampp\htdocs\yii.local\www\framework\web\CWebApplication.php(141): CWebApplication->runController('test')
#1 D:\web\xampp\htdocs\yii.local\www\framework\base\CApplication.php(184): CWebApplication->processRequest()
#2 D:\web\xampp\htdocs\yii.local\www\index.php(11): CApplication->run()
#3 {main}
REQUEST_URI=/index.php/test
---
2015/11/11 12:14:45 [error] [exception.CHttpException.404] exception 'CHttpException' with message 'Unable to resolve the request "test".' in D:\web\xampp\htdocs\yii.local\www\framework\web\CWebApplication.php:286
Stack trace:
#0 D:\web\xampp\htdocs\yii.local\www\framework\web\CWebApplication.php(141): CWebApplication->runController('test')
#1 D:\web\xampp\htdocs\yii.local\www\framework\base\CApplication.php(184): CWebApplication->processRequest()
#2 D:\web\xampp\htdocs\yii.local\www\index.php(11): CApplication->run()
#3 {main}
REQUEST_URI=/index.php/test
---
2015/12/02 14:34:12 [error] [exception.CDbException] SQLSTATE[HY000] [2002] Подключение не установлено, т.к. конечный компьютер отверг запрос на подключение.

2015/12/02 14:34:12 [error] [exception.CDbException] exception 'CDbException' with message 'CDbConnection failed to open the DB connection.' in D:\WEB\xampp\htdocs\testing.local\www\webroot\html\site_6\framework\db\CDbConnection.php:405
Stack trace:
#0 D:\WEB\xampp\htdocs\testing.local\www\webroot\html\site_6\framework\db\CDbConnection.php(347): CDbConnection->open()
#1 D:\WEB\xampp\htdocs\testing.local\www\webroot\html\site_6\framework\db\CDbConnection.php(325): CDbConnection->setActive(true)
#2 D:\WEB\xampp\htdocs\testing.local\www\webroot\html\site_6\framework\base\CModule.php(394): CDbConnection->init()
#3 D:\WEB\xampp\htdocs\testing.local\www\webroot\html\site_6\framework\base\CApplication.php(458): CModule->getComponent('db')
#4 D:\WEB\xampp\htdocs\testing.local\www\webroot\html\site_6\framework\db\ar\CActiveRecord.php(637): CApplication->getDb()
#5 D:\WEB\xampp\htdocs\testing.local\www\webroot\html\site_6\framework\db\ar\CActiveRecord.php(670): CActiveRecord->getDbConnection()
#6 D:\WEB\xampp\htdocs\testing.local\www\webroot\html\site_6\framework\db\ar\CActiveRecord.php(1601): CActiveRecord->getCommandBuilder()
#7 D:\WEB\xampp\htdocs\testing.local\www\webroot\html\site_6\framework\web\CActiveDataProvider.php(228): CActiveRecord->count(Object(CDbCriteria))
#8 D:\WEB\xampp\htdocs\testing.local\www\webroot\html\site_6\framework\web\CDataProvider.php(224): CActiveDataProvider->calculateTotalItemCount()
#9 D:\WEB\xampp\htdocs\testing.local\www\webroot\html\site_6\framework\web\CActiveDataProvider.php(178): CDataProvider->getTotalItemCount()
#10 D:\WEB\xampp\htdocs\testing.local\www\webroot\html\site_6\framework\web\CDataProvider.php(168): CActiveDataProvider->fetchData()
#11 D:\WEB\xampp\htdocs\testing.local\www\webroot\html\site_6\framework\zii\widgets\CBaseListView.php(125): CDataProvider->getData()
#12 D:\WEB\xampp\htdocs\testing.local\www\webroot\html\site_6\framework\zii\widgets\CListView.php(211): CBaseListView->init()
#13 D:\WEB\xampp\htdocs\testing.local\www\webroot\html\site_6\framework\web\CBaseController.php(147): CListView->init()
#14 D:\WEB\xampp\htdocs\testing.local\www\webroot\html\site_6\framework\web\CBaseController.php(180): CBaseController->createWidget('zii.widgets.CLi...', Array)
#15 D:\WEB\xampp\htdocs\testing.local\www\webroot\html\site_6\protected\views\post\index.php(9): CBaseController->widget('zii.widgets.CLi...', Array)
#16 D:\WEB\xampp\htdocs\testing.local\www\webroot\html\site_6\framework\web\CBaseController.php(126): require('D:\\WEB\\xampp\\ht...')
#17 D:\WEB\xampp\htdocs\testing.local\www\webroot\html\site_6\framework\web\CBaseController.php(95): CBaseController->renderInternal('D:\\WEB\\xampp\\ht...', Array, true)
#18 D:\WEB\xampp\htdocs\testing.local\www\webroot\html\site_6\framework\web\CController.php(869): CBaseController->renderFile('D:\\WEB\\xampp\\ht...', Array, true)
#19 D:\WEB\xampp\htdocs\testing.local\www\webroot\html\site_6\framework\web\CController.php(782): CController->renderPartial('index', Array, true)
#20 D:\WEB\xampp\htdocs\testing.local\www\webroot\html\site_6\protected\controllers\PostController.php(136): CController->render('index', Array)
#21 D:\WEB\xampp\htdocs\testing.local\www\webroot\html\site_6\framework\web\actions\CInlineAction.php(49): PostController->actionIndex()
#22 D:\WEB\xampp\htdocs\testing.local\www\webroot\html\site_6\framework\web\CController.php(308): CInlineAction->runWithParams(Array)
#23 D:\WEB\xampp\htdocs\testing.local\www\webroot\html\site_6\framework\web\filters\CFilterChain.php(133): CController->runAction(Object(CInlineAction))
#24 D:\WEB\xampp\htdocs\testing.local\www\webroot\html\site_6\framework\web\filters\CFilter.php(40): CFilterChain->run()
#25 D:\WEB\xampp\htdocs\testing.local\www\webroot\html\site_6\framework\web\CController.php(1145): CFilter->filter(Object(CFilterChain))
#26 D:\WEB\xampp\htdocs\testing.local\www\webroot\html\site_6\framework\web\filters\CInlineFilter.php(58): CController->filterAccessControl(Object(CFilterChain))
#27 D:\WEB\xampp\htdocs\testing.local\www\webroot\html\site_6\framework\web\filters\CFilterChain.php(130): CInlineFilter->filter(Object(CFilterChain))
#28 D:\WEB\xampp\htdocs\testing.local\www\webroot\html\site_6\framework\web\CController.php(291): CFilterChain->run()
#29 D:\WEB\xampp\htdocs\testing.local\www\webroot\html\site_6\framework\web\CController.php(265): CController->runActionWithFilters(Object(CInlineAction), Array)
#30 D:\WEB\xampp\htdocs\testing.local\www\webroot\html\site_6\framework\web\CWebApplication.php(282): CController->run('')
#31 D:\WEB\xampp\htdocs\testing.local\www\webroot\html\site_6\framework\web\CWebApplication.php(141): CWebApplication->runController(false)
#32 D:\WEB\xampp\htdocs\testing.local\www\webroot\html\site_6\framework\base\CApplication.php(184): CWebApplication->processRequest()
#33 D:\WEB\xampp\htdocs\testing.local\www\webroot\html\site_6\index.php(11): CApplication->run()
#34 {main}
REQUEST_URI=/html/site_6/
---
